<?xml version="1.0" encoding="UTF-8"?>
<testng-results ignored="0" total="1" passed="1" failed="0" skipped="0">
  <reporter-output>
  </reporter-output>
  <suite started-at="2024-04-18T12:22:28 MESZ" name="Smoky" finished-at="2024-04-18T12:22:38 MESZ" duration-ms="10062">
    <groups>
    </groups>
    <test started-at="2024-04-18T12:22:28 MESZ" name="Nopackage" finished-at="2024-04-18T12:22:38 MESZ" duration-ms="10062">
      <class name="com.demoqa.tests.PracticeFormTest">
        <test-method is-config="true" signature="init()[pri:0, instance:com.demoqa.tests.PracticeFormTest@55536d9e]" started-at="2024-04-18T12:22:28 MESZ" name="init" finished-at="2024-04-18T12:22:32 MESZ" duration-ms="4683" status="PASS">
          <reporter-output>
          </reporter-output>
        </test-method> <!-- init -->
        <test-method is-config="true" signature="precondition()[pri:0, instance:com.demoqa.tests.PracticeFormTest@55536d9e]" started-at="2024-04-18T12:22:32 MESZ" name="precondition" finished-at="2024-04-18T12:22:33 MESZ" duration-ms="827" status="PASS">
          <reporter-output>
          </reporter-output>
        </test-method> <!-- precondition -->
        <test-method signature="createStudentAccountTest()[pri:0, instance:com.demoqa.tests.PracticeFormTest@55536d9e]" started-at="2024-04-18T12:22:33 MESZ" name="createStudentAccountTest" finished-at="2024-04-18T12:22:37 MESZ" duration-ms="4168" status="PASS">
          <reporter-output>
          </reporter-output>
        </test-method> <!-- createStudentAccountTest -->
        <test-method is-config="true" signature="tearDown()[pri:0, instance:com.demoqa.tests.PracticeFormTest@55536d9e]" started-at="2024-04-18T12:22:37 MESZ" name="tearDown" finished-at="2024-04-18T12:22:38 MESZ" duration-ms="306" status="PASS">
          <reporter-output>
          </reporter-output>
        </test-method> <!-- tearDown -->
      </class> <!-- com.demoqa.tests.PracticeFormTest -->
    </test> <!-- Nopackage -->
  </suite> <!-- Smoky -->
</testng-results>
